<?xml version="1.0" encoding="UTF-8"?>
<testsuite name="RobotTest" tests="3" skipped="0" failures="0" errors="0" timestamp="2016-04-11T14:41:23" hostname="Nathanaels-MacBook-Air.local" time="0.005">
  <properties/>
  <testcase name="differentRobotsHaveDifferentNames" classname="RobotTest" time="0.003"/>
  <testcase name="resetName" classname="RobotTest" time="0.0"/>
  <testcase name="hasName" classname="RobotTest" time="0.0"/>
  <system-out><![CDATA[]]></system-out>
  <system-err><![CDATA[]]></system-err>
</testsuite>
