<?xml version="1.0" encoding="UTF-8"?>
<testsuite name="RomanNumeralsTest" tests="19" skipped="0" failures="0" errors="0" timestamp="2016-04-18T12:49:07" hostname="Nathanaels-MacBook-Air.local" time="0.016">
  <properties/>
  <testcase name="convertArabicNumberalToRomanNumeral[0]" classname="RomanNumeralsTest" time="0.001"/>
  <testcase name="convertArabicNumberalToRomanNumeral[1]" classname="RomanNumeralsTest" time="0.0"/>
  <testcase name="convertArabicNumberalToRomanNumeral[2]" classname="RomanNumeralsTest" time="0.0"/>
  <testcase name="convertArabicNumberalToRomanNumeral[3]" classname="RomanNumeralsTest" time="0.0"/>
  <testcase name="convertArabicNumberalToRomanNumeral[4]" classname="RomanNumeralsTest" time="0.0"/>
  <testcase name="convertArabicNumberalToRomanNumeral[5]" classname="RomanNumeralsTest" time="0.0"/>
  <testcase name="convertArabicNumberalToRomanNumeral[6]" classname="RomanNumeralsTest" time="0.0"/>
  <testcase name="convertArabicNumberalToRomanNumeral[7]" classname="RomanNumeralsTest" time="0.0"/>
  <testcase name="convertArabicNumberalToRomanNumeral[8]" classname="RomanNumeralsTest" time="0.001"/>
  <testcase name="convertArabicNumberalToRomanNumeral[9]" classname="RomanNumeralsTest" time="0.0"/>
  <testcase name="convertArabicNumberalToRomanNumeral[10]" classname="RomanNumeralsTest" time="0.0"/>
  <testcase name="convertArabicNumberalToRomanNumeral[11]" classname="RomanNumeralsTest" time="0.0"/>
  <testcase name="convertArabicNumberalToRomanNumeral[12]" classname="RomanNumeralsTest" time="0.0"/>
  <testcase name="convertArabicNumberalToRomanNumeral[13]" classname="RomanNumeralsTest" time="0.0"/>
  <testcase name="convertArabicNumberalToRomanNumeral[14]" classname="RomanNumeralsTest" time="0.0"/>
  <testcase name="convertArabicNumberalToRomanNumeral[15]" classname="RomanNumeralsTest" time="0.001"/>
  <testcase name="convertArabicNumberalToRomanNumeral[16]" classname="RomanNumeralsTest" time="0.0"/>
  <testcase name="convertArabicNumberalToRomanNumeral[17]" classname="RomanNumeralsTest" time="0.0"/>
  <testcase name="convertArabicNumberalToRomanNumeral[18]" classname="RomanNumeralsTest" time="0.001"/>
  <system-out><![CDATA[]]></system-out>
  <system-err><![CDATA[]]></system-err>
</testsuite>
