<?xml version="1.0" encoding="UTF-8"?>
<testsuite name="ScrabbleScoreTest" tests="9" skipped="0" failures="0" errors="0" timestamp="2016-04-18T12:03:57" hostname="Nathanaels-MacBook-Air.local" time="0.007">
  <properties/>
  <testcase name="test[0]" classname="ScrabbleScoreTest" time="0.002"/>
  <testcase name="test[1]" classname="ScrabbleScoreTest" time="0.0"/>
  <testcase name="test[2]" classname="ScrabbleScoreTest" time="0.0"/>
  <testcase name="test[3]" classname="ScrabbleScoreTest" time="0.0"/>
  <testcase name="test[4]" classname="ScrabbleScoreTest" time="0.0"/>
  <testcase name="test[5]" classname="ScrabbleScoreTest" time="0.0"/>
  <testcase name="test[6]" classname="ScrabbleScoreTest" time="0.0"/>
  <testcase name="test[7]" classname="ScrabbleScoreTest" time="0.001"/>
  <testcase name="test[8]" classname="ScrabbleScoreTest" time="0.0"/>
  <system-out><![CDATA[]]></system-out>
  <system-err><![CDATA[]]></system-err>
</testsuite>
