<?xml version="1.0" encoding="UTF-8"?>
<testsuite name="PangramTest" tests="5" skipped="0" failures="0" errors="0" timestamp="2016-04-11T00:33:16" hostname="Nathanaels-MacBook-Air.local" time="0.007">
  <properties/>
  <testcase name="missingCharacterX" classname="PangramTest" time="0.004"/>
  <testcase name="emptySentence" classname="PangramTest" time="0.0"/>
  <testcase name="mixedCaseAndPunctuation" classname="PangramTest" time="0.0"/>
  <testcase name="testLowercasePangram" classname="PangramTest" time="0.001"/>
  <testcase name="nonAsciiCharacters" classname="PangramTest" time="0.0"/>
  <system-out><![CDATA[]]></system-out>
  <system-err><![CDATA[]]></system-err>
</testsuite>
