<?xml version="1.0" encoding="UTF-8"?>
<testsuite name="GigasecondTest" tests="5" skipped="0" failures="0" errors="0" timestamp="2016-04-12T17:22:14" hostname="Nathanaels-MacBook-Air.local" time="0.065">
  <properties/>
  <testcase name="modernTime" classname="GigasecondTest" time="0.063"/>
  <testcase name="afterEpochTime" classname="GigasecondTest" time="0.0"/>
  <testcase name="beforeEpochTime" classname="GigasecondTest" time="0.0"/>
  <testcase name="withFullTimeSpecified" classname="GigasecondTest" time="0.0"/>
  <testcase name="withFullTimeSpecifiedAndDayRollover" classname="GigasecondTest" time="0.0"/>
  <system-out><![CDATA[]]></system-out>
  <system-err><![CDATA[]]></system-err>
</testsuite>
