<?xml version="1.0" encoding="UTF-8"?>
<testsuite name="AnagramTest" tests="10" skipped="0" failures="0" errors="0" timestamp="2016-04-11T03:46:50" hostname="Nathanaels-MacBook-Air.local" time="0.052">
  <properties/>
  <testcase name="testNoMatches" classname="AnagramTest" time="0.041"/>
  <testcase name="testSimpleAnagram" classname="AnagramTest" time="0.005"/>
  <testcase name="testDetectMultipleAnagrams" classname="AnagramTest" time="0.0"/>
  <testcase name="testDoesNotConfuseDifferentDuplicates" classname="AnagramTest" time="0.0"/>
  <testcase name="testIdenticalWordIsNotAnagram" classname="AnagramTest" time="0.001"/>
  <testcase name="testEliminateAnagramsWithSameChecksum" classname="AnagramTest" time="0.001"/>
  <testcase name="testEliminateAnagramSubsets" classname="AnagramTest" time="0.0"/>
  <testcase name="testDetectAnagrams" classname="AnagramTest" time="0.0"/>
  <testcase name="testMultipleAnagrams" classname="AnagramTest" time="0.0"/>
  <testcase name="testAnagramsAreCaseInsensitive" classname="AnagramTest" time="0.0"/>
  <system-out><![CDATA[]]></system-out>
  <system-err><![CDATA[]]></system-err>
</testsuite>
